<?xml version="1.0" encoding="UTF-8"?>
<!-- Generated by org.testng.reporters.JUnitReportReporter -->
<testsuite hostname="DESKTOP-5UH8CVV" failures="0" tests="2" name="qaclickacademy.ResrAPItest" time="0.004" errors="0" timestamp="2020-10-17T22:53:44 EDT" skipped="0">
  <testcase classname="qaclickacademy.ResrAPItest" name="Deletetwitter" time="0.003"/>
  <system-out/>
  <testcase classname="qaclickacademy.ResrAPItest" name="Postjira" time="0.001"/>
  <system-out/>
</testsuite> <!-- qaclickacademy.ResrAPItest -->
