<?xml version="1.0" encoding="UTF-8"?>
<!-- Generated by org.testng.reporters.JUnitReportReporter -->
<testsuite hostname="DESKTOP-5UH8CVV" failures="0" tests="2" name="qaclickacademy.Seleniumtest" time="0.000" errors="0" timestamp="2020-10-17T22:53:44 EDT" skipped="0">
  <testcase classname="qaclickacademy.Seleniumtest" name="BrowserAutomation" time="0.000"/>
  <system-out/>
  <testcase classname="qaclickacademy.Seleniumtest" name="ElementURL" time="0.000"/>
  <system-out/>
</testsuite> <!-- qaclickacademy.Seleniumtest -->
